<?xml version="1.0" encoding="UTF-8" ?>
<testsuite tests="15" failures="0" name="RobotTest" time="0.044" errors="0" skipped="0">
  <properties>
[...]
</properties>
  <testcase classname="RobotTest" name="testleftturn" time="0.017"/>
  <testcase classname="RobotTest" name="testcommandarguments" time="0"/>
  <testcase classname="RobotTest" name="testPenUp" time="0.001"/>
  <testcase classname="RobotTest" name="testMove" time="0.002"/>
  <testcase classname="RobotTest" name="testPenDown" time="0.003"/>
  <testcase classname="RobotTest" name="testmoveoutsidefloor" time="0"/>
  <testcase classname="RobotTest" name="testPrintFloor" time="0.005"/>
  <testcase classname="RobotTest" name="testInitialize" time="0.001"/>
  <testcase classname="RobotTest" name="testcommandcase" time="0"/>
  <testcase classname="RobotTest" name="testdonotmove" time="0.001"/>
  <testcase classname="RobotTest" name="testCurrentstatus" time="0.012"/>
  <testcase classname="RobotTest" name="testinputcommand" time="0.001"/>
  <testcase classname="RobotTest" name="testdefaultparameters" time="0"/>
  <testcase classname="RobotTest" name="testrightturn" time="0.001"/>
  <testcase classname="RobotTest" name="testterminataion" time="0"/>
</testsuite>